# JRE version: OpenJDK Runtime Environment (8.0_242-b01) (build 1.8.0_242-release-1644-b01)
# Java VM: OpenJDK 64-Bit Server VM (25.242-b01 mixed mode windows-amd64 compressed oops)
Heap:
 PSYoungGen      total 634368K, used 118500K [0x00000000d5580000, 0x0000000100000000, 0x0000000100000000)
  eden space 571904K, 14% used [0x00000000d5580000,0x00000000da50e5b8,0x00000000f8400000)
  from space 62464K, 59% used [0x00000000fc300000,0x00000000fe72ad10,0x0000000100000000)
  to   space 63488K, 0% used [0x00000000f8400000,0x00000000f8400000,0x00000000fc200000)
 ParOldGen       total 145920K, used 113276K [0x0000000080000000, 0x0000000088e80000, 0x00000000d5580000)
  object space 145920K, 77% used [0x0000000080000000,0x0000000086e9f380,0x0000000088e80000)
 Metaspace       used 124590K, capacity 134072K, committed 134336K, reserved 1165312K
  class space    used 15921K, capacity 17630K, committed 17664K, reserved 1048576K
GC Heap History (10 events):
Event: 8215.070 GC heap before
{Heap before GC invocations=31 (full 5):
 PSYoungGen      total 659456K, used 632746K [0x00000000d5580000, 0x00000000ffd00000, 0x0000000100000000)
  eden space 626688K, 100% used [0x00000000d5580000,0x00000000fb980000,0x00000000fb980000)
  from space 32768K, 18% used [0x00000000fb980000,0x00000000fbf6ab28,0x00000000fd980000)
  to   space 31744K, 0% used [0x00000000fde00000,0x00000000fde00000,0x00000000ffd00000)
 ParOldGen       total 145920K, used 81462K [0x0000000080000000, 0x0000000088e80000, 0x00000000d5580000)
  object space 145920K, 55% used [0x0000000080000000,0x0000000084f8d878,0x0000000088e80000)
 Metaspace       used 123702K, capacity 133042K, committed 133312K, reserved 1165312K
  class space    used 15887K, capacity 17581K, committed 17664K, reserved 1048576K
Event: 8225.065 GC heap after
Heap after GC invocations=31 (full 5):
 PSYoungGen      total 633344K, used 31730K [0x00000000d5580000, 0x0000000100000000, 0x0000000100000000)
  eden space 601600K, 0% used [0x00000000d5580000,0x00000000d5580000,0x00000000fa100000)
  from space 31744K, 99% used [0x00000000fde00000,0x00000000ffcfcb98,0x00000000ffd00000)
  to   space 48640K, 0% used [0x00000000fa100000,0x00000000fa100000,0x00000000fd080000)
 ParOldGen       total 145920K, used 113122K [0x0000000080000000, 0x0000000088e80000, 0x00000000d5580000)
  object space 145920K, 77% used [0x0000000080000000,0x0000000086e78808,0x0000000088e80000)
 Metaspace       used 123702K, capacity 133042K, committed 133312K, reserved 1165312K
  class space    used 15887K, capacity 17581K, committed 17664K, reserved 1048576K
}
Event: 8493.997 GC heap before
{Heap before GC invocations=32 (full 5):
 PSYoungGen      total 633344K, used 633330K [0x00000000d5580000, 0x0000000100000000, 0x0000000100000000)
  eden space 601600K, 100% used [0x00000000d5580000,0x00000000fa100000,0x00000000fa100000)
  from space 31744K, 99% used [0x00000000fde00000,0x00000000ffcfcb98,0x00000000ffd00000)
  to   space 48640K, 0% used [0x00000000fa100000,0x00000000fa100000,0x00000000fd080000)
 ParOldGen       total 145920K, used 113122K [0x0000000080000000, 0x0000000088e80000, 0x00000000d5580000)
  object space 145920K, 77% used [0x0000000080000000,0x0000000086e78808,0x0000000088e80000)
 Metaspace       used 123985K, capacity 133344K, committed 133568K, reserved 1165312K
  class space    used 15899K, capacity 17596K, committed 17664K, reserved 1048576K
Event: 8497.988 GC heap after
Heap after GC invocations=32 (full 5):
 PSYoungGen      total 646656K, used 44604K [0x00000000d5580000, 0x0000000100000000, 0x0000000100000000)
  eden space 601600K, 0% used [0x00000000d5580000,0x00000000d5580000,0x00000000fa100000)
  from space 45056K, 98% used [0x00000000fa100000,0x00000000fcc8f350,0x00000000fcd00000)
  to   space 52224K, 0% used [0x00000000fcd00000,0x00000000fcd00000,0x0000000100000000)
 ParOldGen       total 145920K, used 113260K [0x0000000080000000, 0x0000000088e80000, 0x00000000d5580000)
  object space 145920K, 77% used [0x0000000080000000,0x0000000086e9b380,0x0000000088e80000)
 Metaspace       used 123985K, capacity 133344K, committed 133568K, reserved 1165312K
  class space    used 15899K, capacity 17596K, committed 17664K, reserved 1048576K
}
Event: 11839.741 GC heap before
{Heap before GC invocations=33 (full 5):
 PSYoungGen      total 646656K, used 646204K [0x00000000d5580000, 0x0000000100000000, 0x0000000100000000)
  eden space 601600K, 100% used [0x00000000d5580000,0x00000000fa100000,0x00000000fa100000)
  from space 45056K, 98% used [0x00000000fa100000,0x00000000fcc8f350,0x00000000fcd00000)
  to   space 52224K, 0% used [0x00000000fcd00000,0x00000000fcd00000,0x0000000100000000)
 ParOldGen       total 145920K, used 113260K [0x0000000080000000, 0x0000000088e80000, 0x00000000d5580000)
  object space 145920K, 77% used [0x0000000080000000,0x0000000086e9b380,0x0000000088e80000)
 Metaspace       used 124169K, capacity 133514K, committed 133824K, reserved 1165312K
  class space    used 15903K, capacity 17603K, committed 17664K, reserved 1048576K
Event: 11842.525 GC heap after
Heap after GC invocations=33 (full 5):
 PSYoungGen      total 628224K, used 44582K [0x00000000d5580000, 0x0000000100000000, 0x0000000100000000)
  eden space 576000K, 0% used [0x00000000d5580000,0x00000000d5580000,0x00000000f8800000)
  from space 52224K, 85% used [0x00000000fcd00000,0x00000000ff889858,0x0000000100000000)
  to   space 61440K, 0% used [0x00000000f8800000,0x00000000f8800000,0x00000000fc400000)
 ParOldGen       total 145920K, used 113268K [0x0000000080000000, 0x0000000088e80000, 0x00000000d5580000)
  object space 145920K, 77% used [0x0000000080000000,0x0000000086e9d380,0x0000000088e80000)
 Metaspace       used 124169K, capacity 133514K, committed 133824K, reserved 1165312K
  class space    used 15903K, capacity 17603K, committed 17664K, reserved 1048576K
}
Event: 13147.710 GC heap before
{Heap before GC invocations=34 (full 5):
 PSYoungGen      total 628224K, used 620582K [0x00000000d5580000, 0x0000000100000000, 0x0000000100000000)
  eden space 576000K, 100% used [0x00000000d5580000,0x00000000f8800000,0x00000000f8800000)
  from space 52224K, 85% used [0x00000000fcd00000,0x00000000ff889858,0x0000000100000000)
  to   space 61440K, 0% used [0x00000000f8800000,0x00000000f8800000,0x00000000fc400000)
 ParOldGen       total 145920K, used 113268K [0x0000000080000000, 0x0000000088e80000, 0x00000000d5580000)
  object space 145920K, 77% used [0x0000000080000000,0x0000000086e9d380,0x0000000088e80000)
 Metaspace       used 124334K, capacity 133786K, committed 134080K, reserved 1165312K
  class space    used 15906K, capacity 17605K, committed 17664K, reserved 1048576K
Event: 13151.806 GC heap after
Heap after GC invocations=34 (full 5):
 PSYoungGen      total 612352K, used 35942K [0x00000000d5580000, 0x0000000100000000, 0x0000000100000000)
  eden space 576000K, 0% used [0x00000000d5580000,0x00000000d5580000,0x00000000f8800000)
  from space 36352K, 98% used [0x00000000f8800000,0x00000000fab19880,0x00000000fab80000)
  to   space 62464K, 0% used [0x00000000fc300000,0x00000000fc300000,0x0000000100000000)
 ParOldGen       total 145920K, used 113268K [0x0000000080000000, 0x0000000088e80000, 0x00000000d5580000)
  object space 145920K, 77% used [0x0000000080000000,0x0000000086e9d380,0x0000000088e80000)
 Metaspace       used 124334K, capacity 133786K, committed 134080K, reserved 1165312K
  class space    used 15906K, capacity 17605K, committed 17664K, reserved 1048576K
}
Event: 13459.748 GC heap before
{Heap before GC invocations=35 (full 5):
 PSYoungGen      total 612352K, used 611942K [0x00000000d5580000, 0x0000000100000000, 0x0000000100000000)
  eden space 576000K, 100% used [0x00000000d5580000,0x00000000f8800000,0x00000000f8800000)
  from space 36352K, 98% used [0x00000000f8800000,0x00000000fab19880,0x00000000fab80000)
  to   space 62464K, 0% used [0x00000000fc300000,0x00000000fc300000,0x0000000100000000)
 ParOldGen       total 145920K, used 113268K [0x0000000080000000, 0x0000000088e80000, 0x00000000d5580000)
  object space 145920K, 77% used [0x0000000080000000,0x0000000086e9d380,0x0000000088e80000)
 Metaspace       used 124577K, capacity 134072K, committed 134336K, reserved 1165312K
  class space    used 15921K, capacity 17630K, committed 17664K, reserved 1048576K
Event: 13460.994 GC heap after
Heap after GC invocations=35 (full 5):
 PSYoungGen      total 634368K, used 37035K [0x00000000d5580000, 0x0000000100000000, 0x0000000100000000)
  eden space 571904K, 0% used [0x00000000d5580000,0x00000000d5580000,0x00000000f8400000)
  from space 62464K, 59% used [0x00000000fc300000,0x00000000fe72ad10,0x0000000100000000)
  to   space 63488K, 0% used [0x00000000f8400000,0x00000000f8400000,0x00000000fc200000)
 ParOldGen       total 145920K, used 113276K [0x0000000080000000, 0x0000000088e80000, 0x00000000d5580000)
  object space 145920K, 77% used [0x0000000080000000,0x0000000086e9f380,0x0000000088e80000)
 Metaspace       used 124577K, capacity 134072K, committed 134336K, reserved 1165312K
  class space    used 15921K, capacity 17630K, committed 17664K, reserved 1048576K
}

