# JRE version: OpenJDK Runtime Environment (8.0_242-b01) (build 1.8.0_242-release-1644-b01)
# Java VM: OpenJDK 64-Bit Server VM (25.242-b01 mixed mode windows-amd64 compressed oops)
Heap:
 PSYoungGen      total 623616K, used 569895K [0x00000000d5580000, 0x0000000100000000, 0x0000000100000000)
  eden space 554496K, 94% used [0x00000000d5580000,0x00000000f5638368,0x00000000f7300000)
  from space 69120K, 64% used [0x00000000f7300000,0x00000000f9ed1aa8,0x00000000fb680000)
  to   space 71680K, 0% used [0x00000000fba00000,0x00000000fba00000,0x0000000100000000)
 ParOldGen       total 230912K, used 125036K [0x0000000080000000, 0x000000008e180000, 0x00000000d5580000)
  object space 230912K, 54% used [0x0000000080000000,0x0000000087a1b1b8,0x000000008e180000)
 Metaspace       used 118953K, capacity 126142K, committed 126424K, reserved 1159168K
  class space    used 15202K, capacity 16610K, committed 16640K, reserved 1048576K
GC Heap History (10 events):
Event: 4498.635 GC heap before
{Heap before GC invocations=22 (full 4):
 PSYoungGen      total 474112K, used 434282K [0x00000000d5580000, 0x00000000f7f00000, 0x0000000100000000)
  eden space 425984K, 100% used [0x00000000d5580000,0x00000000ef580000,0x00000000ef580000)
  from space 48128K, 17% used [0x00000000ef580000,0x00000000efd9abe0,0x00000000f2480000)
  to   space 47104K, 0% used [0x00000000f5100000,0x00000000f5100000,0x00000000f7f00000)
 ParOldGen       total 138240K, used 105486K [0x0000000080000000, 0x0000000088700000, 0x00000000d5580000)
  object space 138240K, 76% used [0x0000000080000000,0x0000000086703bf0,0x0000000088700000)
 Metaspace       used 115085K, capacity 121712K, committed 121944K, reserved 1155072K
  class space    used 14890K, capacity 16225K, committed 16256K, reserved 1048576K
Event: 4500.361 GC heap after
Heap after GC invocations=22 (full 4):
 PSYoungGen      total 502272K, used 20490K [0x00000000d5580000, 0x00000000f7480000, 0x0000000100000000)
  eden space 465920K, 0% used [0x00000000d5580000,0x00000000d5580000,0x00000000f1c80000)
  from space 36352K, 56% used [0x00000000f5100000,0x00000000f6502930,0x00000000f7480000)
  to   space 45056K, 0% used [0x00000000f1c80000,0x00000000f1c80000,0x00000000f4880000)
 ParOldGen       total 138240K, used 105494K [0x0000000080000000, 0x0000000088700000, 0x00000000d5580000)
  object space 138240K, 76% used [0x0000000080000000,0x0000000086705bf0,0x0000000088700000)
 Metaspace       used 115085K, capacity 121712K, committed 121944K, reserved 1155072K
  class space    used 14890K, capacity 16225K, committed 16256K, reserved 1048576K
}
Event: 4535.535 GC heap before
{Heap before GC invocations=23 (full 4):
 PSYoungGen      total 502272K, used 486410K [0x00000000d5580000, 0x00000000f7480000, 0x0000000100000000)
  eden space 465920K, 100% used [0x00000000d5580000,0x00000000f1c80000,0x00000000f1c80000)
  from space 36352K, 56% used [0x00000000f5100000,0x00000000f6502930,0x00000000f7480000)
  to   space 45056K, 0% used [0x00000000f1c80000,0x00000000f1c80000,0x00000000f4880000)
 ParOldGen       total 138240K, used 105494K [0x0000000080000000, 0x0000000088700000, 0x00000000d5580000)
  object space 138240K, 76% used [0x0000000080000000,0x0000000086705bf0,0x0000000088700000)
 Metaspace       used 117468K, capacity 124432K, committed 124632K, reserved 1157120K
  class space    used 15159K, capacity 16531K, committed 16640K, reserved 1048576K
Event: 4539.407 GC heap after
Heap after GC invocations=23 (full 4):
 PSYoungGen      total 510976K, used 32341K [0x00000000d5580000, 0x00000000fe500000, 0x0000000100000000)
  eden space 465920K, 0% used [0x00000000d5580000,0x00000000d5580000,0x00000000f1c80000)
  from space 45056K, 71% used [0x00000000f1c80000,0x00000000f3c156b8,0x00000000f4880000)
  to   space 47616K, 0% used [0x00000000fb680000,0x00000000fb680000,0x00000000fe500000)
 ParOldGen       total 138240K, used 105502K [0x0000000080000000, 0x0000000088700000, 0x00000000d5580000)
  object space 138240K, 76% used [0x0000000080000000,0x0000000086707bf0,0x0000000088700000)
 Metaspace       used 117468K, capacity 124432K, committed 124632K, reserved 1157120K
  class space    used 15159K, capacity 16531K, committed 16640K, reserved 1048576K
}
Event: 4564.927 GC heap before
{Heap before GC invocations=24 (full 4):
 PSYoungGen      total 510976K, used 498261K [0x00000000d5580000, 0x00000000fe500000, 0x0000000100000000)
  eden space 465920K, 100% used [0x00000000d5580000,0x00000000f1c80000,0x00000000f1c80000)
  from space 45056K, 71% used [0x00000000f1c80000,0x00000000f3c156b8,0x00000000f4880000)
  to   space 47616K, 0% used [0x00000000fb680000,0x00000000fb680000,0x00000000fe500000)
 ParOldGen       total 138240K, used 105502K [0x0000000080000000, 0x0000000088700000, 0x00000000d5580000)
  object space 138240K, 76% used [0x0000000080000000,0x0000000086707bf0,0x0000000088700000)
 Metaspace       used 117792K, capacity 124902K, committed 125144K, reserved 1157120K
  class space    used 15179K, capacity 16580K, committed 16640K, reserved 1048576K
Event: 4566.067 GC heap after
Heap after GC invocations=24 (full 4):
 PSYoungGen      total 602112K, used 47587K [0x00000000d5580000, 0x0000000100000000, 0x0000000100000000)
  eden space 554496K, 0% used [0x00000000d5580000,0x00000000d5580000,0x00000000f7300000)
  from space 47616K, 99% used [0x00000000fb680000,0x00000000fe4f8ea0,0x00000000fe500000)
  to   space 69120K, 0% used [0x00000000f7300000,0x00000000f7300000,0x00000000fb680000)
 ParOldGen       total 142848K, used 142560K [0x0000000080000000, 0x0000000088b80000, 0x00000000d5580000)
  object space 142848K, 99% used [0x0000000080000000,0x0000000088b38178,0x0000000088b80000)
 Metaspace       used 117792K, capacity 124902K, committed 125144K, reserved 1157120K
  class space    used 15179K, capacity 16580K, committed 16640K, reserved 1048576K
}
Event: 4566.067 GC heap before
{Heap before GC invocations=25 (full 5):
 PSYoungGen      total 602112K, used 47587K [0x00000000d5580000, 0x0000000100000000, 0x0000000100000000)
  eden space 554496K, 0% used [0x00000000d5580000,0x00000000d5580000,0x00000000f7300000)
  from space 47616K, 99% used [0x00000000fb680000,0x00000000fe4f8ea0,0x00000000fe500000)
  to   space 69120K, 0% used [0x00000000f7300000,0x00000000f7300000,0x00000000fb680000)
 ParOldGen       total 142848K, used 142560K [0x0000000080000000, 0x0000000088b80000, 0x00000000d5580000)
  object space 142848K, 99% used [0x0000000080000000,0x0000000088b38178,0x0000000088b80000)
 Metaspace       used 117792K, capacity 124902K, committed 125144K, reserved 1157120K
  class space    used 15179K, capacity 16580K, committed 16640K, reserved 1048576K
Event: 4578.789 GC heap after
Heap after GC invocations=25 (full 5):
 PSYoungGen      total 602112K, used 0K [0x00000000d5580000, 0x0000000100000000, 0x0000000100000000)
  eden space 554496K, 0% used [0x00000000d5580000,0x00000000d5580000,0x00000000f7300000)
  from space 47616K, 0% used [0x00000000fb680000,0x00000000fb680000,0x00000000fe500000)
  to   space 69120K, 0% used [0x00000000f7300000,0x00000000f7300000,0x00000000fb680000)
 ParOldGen       total 230912K, used 125028K [0x0000000080000000, 0x000000008e180000, 0x00000000d5580000)
  object space 230912K, 54% used [0x0000000080000000,0x0000000087a191b8,0x000000008e180000)
 Metaspace       used 115492K, capacity 122264K, committed 125144K, reserved 1157120K
  class space    used 14859K, capacity 16174K, committed 16640K, reserved 1048576K
}
Event: 6124.527 GC heap before
{Heap before GC invocations=26 (full 5):
 PSYoungGen      total 602112K, used 554496K [0x00000000d5580000, 0x0000000100000000, 0x0000000100000000)
  eden space 554496K, 100% used [0x00000000d5580000,0x00000000f7300000,0x00000000f7300000)
  from space 47616K, 0% used [0x00000000fb680000,0x00000000fb680000,0x00000000fe500000)
  to   space 69120K, 0% used [0x00000000f7300000,0x00000000f7300000,0x00000000fb680000)
 ParOldGen       total 230912K, used 125028K [0x0000000080000000, 0x000000008e180000, 0x00000000d5580000)
  object space 230912K, 54% used [0x0000000080000000,0x0000000087a191b8,0x000000008e180000)
 Metaspace       used 118652K, capacity 125790K, committed 125912K, reserved 1159168K
  class space    used 15197K, capacity 16604K, committed 16640K, reserved 1048576K
Event: 6127.063 GC heap after
Heap after GC invocations=26 (full 5):
 PSYoungGen      total 623616K, used 44870K [0x00000000d5580000, 0x0000000100000000, 0x0000000100000000)
  eden space 554496K, 0% used [0x00000000d5580000,0x00000000d5580000,0x00000000f7300000)
  from space 69120K, 64% used [0x00000000f7300000,0x00000000f9ed1aa8,0x00000000fb680000)
  to   space 71680K, 0% used [0x00000000fba00000,0x00000000fba00000,0x0000000100000000)
 ParOldGen       total 230912K, used 125036K [0x0000000080000000, 0x000000008e180000, 0x00000000d5580000)
  object space 230912K, 54% used [0x0000000080000000,0x0000000087a1b1b8,0x000000008e180000)
 Metaspace       used 118652K, capacity 125790K, committed 125912K, reserved 1159168K
  class space    used 15197K, capacity 16604K, committed 16640K, reserved 1048576K
}

