# JRE version: OpenJDK Runtime Environment (8.0_242-b01) (build 1.8.0_242-release-1644-b01)
# Java VM: OpenJDK 64-Bit Server VM (25.242-b01 mixed mode windows-amd64 compressed oops)
Heap:
 PSYoungGen      total 271360K, used 12197K [0x00000000d5580000, 0x00000000e7880000, 0x0000000100000000)
  eden space 244736K, 4% used [0x00000000d5580000,0x00000000d6169550,0x00000000e4480000)
  from space 26624K, 0% used [0x00000000e4480000,0x00000000e4480000,0x00000000e5e80000)
  to   space 25600K, 0% used [0x00000000e5f80000,0x00000000e5f80000,0x00000000e7880000)
 ParOldGen       total 133120K, used 46611K [0x0000000080000000, 0x0000000088200000, 0x00000000d5580000)
  object space 133120K, 35% used [0x0000000080000000,0x0000000082d84ff0,0x0000000088200000)
 Metaspace       used 92634K, capacity 96488K, committed 98136K, reserved 1136640K
  class space    used 12230K, capacity 13061K, committed 13440K, reserved 1048576K
GC Heap History (10 events):
Event: 1265.000 GC heap before
{Heap before GC invocations=22 (full 3):
 PSYoungGen      total 244224K, used 244204K [0x00000000d5580000, 0x00000000e6380000, 0x0000000100000000)
  eden space 220160K, 100% used [0x00000000d5580000,0x00000000e2c80000,0x00000000e2c80000)
  from space 24064K, 99% used [0x00000000e4880000,0x00000000e5ffb290,0x00000000e6000000)
  to   space 28160K, 0% used [0x00000000e2c80000,0x00000000e2c80000,0x00000000e4800000)
 ParOldGen       total 80384K, used 52641K [0x0000000080000000, 0x0000000084e80000, 0x00000000d5580000)
  object space 80384K, 65% used [0x0000000080000000,0x0000000083368790,0x0000000084e80000)
 Metaspace       used 87488K, capacity 91806K, committed 91992K, reserved 1128448K
  class space    used 11670K, capacity 12556K, committed 12672K, reserved 1048576K
Event: 1268.643 GC heap after
Heap after GC invocations=22 (full 3):
 PSYoungGen      total 248320K, used 13661K [0x00000000d5580000, 0x00000000e7a00000, 0x0000000100000000)
  eden space 220160K, 0% used [0x00000000d5580000,0x00000000d5580000,0x00000000e2c80000)
  from space 28160K, 48% used [0x00000000e2c80000,0x00000000e39d7668,0x00000000e4800000)
  to   space 27136K, 0% used [0x00000000e5f80000,0x00000000e5f80000,0x00000000e7a00000)
 ParOldGen       total 80384K, used 69802K [0x0000000080000000, 0x0000000084e80000, 0x00000000d5580000)
  object space 80384K, 86% used [0x0000000080000000,0x000000008442aad8,0x0000000084e80000)
 Metaspace       used 87488K, capacity 91806K, committed 91992K, reserved 1128448K
  class space    used 11670K, capacity 12556K, committed 12672K, reserved 1048576K
}
Event: 1268.643 GC heap before
{Heap before GC invocations=23 (full 4):
 PSYoungGen      total 248320K, used 13661K [0x00000000d5580000, 0x00000000e7a00000, 0x0000000100000000)
  eden space 220160K, 0% used [0x00000000d5580000,0x00000000d5580000,0x00000000e2c80000)
  from space 28160K, 48% used [0x00000000e2c80000,0x00000000e39d7668,0x00000000e4800000)
  to   space 27136K, 0% used [0x00000000e5f80000,0x00000000e5f80000,0x00000000e7a00000)
 ParOldGen       total 80384K, used 69802K [0x0000000080000000, 0x0000000084e80000, 0x00000000d5580000)
  object space 80384K, 86% used [0x0000000080000000,0x000000008442aad8,0x0000000084e80000)
 Metaspace       used 87488K, capacity 91806K, committed 91992K, reserved 1128448K
  class space    used 11670K, capacity 12556K, committed 12672K, reserved 1048576K
Event: 1271.543 GC heap after
Heap after GC invocations=23 (full 4):
 PSYoungGen      total 248320K, used 0K [0x00000000d5580000, 0x00000000e7a00000, 0x0000000100000000)
  eden space 220160K, 0% used [0x00000000d5580000,0x00000000d5580000,0x00000000e2c80000)
  from space 28160K, 0% used [0x00000000e2c80000,0x00000000e2c80000,0x00000000e4800000)
  to   space 27136K, 0% used [0x00000000e5f80000,0x00000000e5f80000,0x00000000e7a00000)
 ParOldGen       total 129536K, used 57409K [0x0000000080000000, 0x0000000087e80000, 0x00000000d5580000)
  object space 129536K, 44% used [0x0000000080000000,0x00000000838106b8,0x0000000087e80000)
 Metaspace       used 87482K, capacity 91792K, committed 91992K, reserved 1128448K
  class space    used 11668K, capacity 12553K, committed 12672K, reserved 1048576K
}
Event: 9376.604 GC heap before
{Heap before GC invocations=24 (full 4):
 PSYoungGen      total 248320K, used 220160K [0x00000000d5580000, 0x00000000e7a00000, 0x0000000100000000)
  eden space 220160K, 100% used [0x00000000d5580000,0x00000000e2c80000,0x00000000e2c80000)
  from space 28160K, 0% used [0x00000000e2c80000,0x00000000e2c80000,0x00000000e4800000)
  to   space 27136K, 0% used [0x00000000e5f80000,0x00000000e5f80000,0x00000000e7a00000)
 ParOldGen       total 129536K, used 57409K [0x0000000080000000, 0x0000000087e80000, 0x00000000d5580000)
  object space 129536K, 44% used [0x0000000080000000,0x00000000838106b8,0x0000000087e80000)
 Metaspace       used 88680K, capacity 93064K, committed 93400K, reserved 1130496K
  class space    used 11780K, capacity 12715K, committed 12800K, reserved 1048576K
Event: 9377.591 GC heap after
Heap after GC invocations=24 (full 4):
 PSYoungGen      total 270336K, used 6007K [0x00000000d5580000, 0x00000000e7880000, 0x0000000100000000)
  eden space 244736K, 0% used [0x00000000d5580000,0x00000000d5580000,0x00000000e4480000)
  from space 25600K, 23% used [0x00000000e5f80000,0x00000000e655dce0,0x00000000e7880000)
  to   space 26624K, 0% used [0x00000000e4480000,0x00000000e4480000,0x00000000e5e80000)
 ParOldGen       total 129536K, used 57417K [0x0000000080000000, 0x0000000087e80000, 0x00000000d5580000)
  object space 129536K, 44% used [0x0000000080000000,0x00000000838126b8,0x0000000087e80000)
 Metaspace       used 88680K, capacity 93064K, committed 93400K, reserved 1130496K
  class space    used 11780K, capacity 12715K, committed 12800K, reserved 1048576K
}
Event: 9407.442 GC heap before
{Heap before GC invocations=25 (full 4):
 PSYoungGen      total 270336K, used 156900K [0x00000000d5580000, 0x00000000e7880000, 0x0000000100000000)
  eden space 244736K, 61% used [0x00000000d5580000,0x00000000de8db4a0,0x00000000e4480000)
  from space 25600K, 23% used [0x00000000e5f80000,0x00000000e655dce0,0x00000000e7880000)
  to   space 26624K, 0% used [0x00000000e4480000,0x00000000e4480000,0x00000000e5e80000)
 ParOldGen       total 129536K, used 57417K [0x0000000080000000, 0x0000000087e80000, 0x00000000d5580000)
  object space 129536K, 44% used [0x0000000080000000,0x00000000838126b8,0x0000000087e80000)
 Metaspace       used 90910K, capacity 95346K, committed 95448K, reserved 1136640K
  class space    used 12058K, capacity 12997K, committed 13056K, reserved 1048576K
Event: 9407.686 GC heap after
Heap after GC invocations=25 (full 4):
 PSYoungGen      total 271360K, used 10994K [0x00000000d5580000, 0x00000000e7880000, 0x0000000100000000)
  eden space 244736K, 0% used [0x00000000d5580000,0x00000000d5580000,0x00000000e4480000)
  from space 26624K, 41% used [0x00000000e4480000,0x00000000e4f3c880,0x00000000e5e80000)
  to   space 25600K, 0% used [0x00000000e5f80000,0x00000000e5f80000,0x00000000e7880000)
 ParOldGen       total 129536K, used 57425K [0x0000000080000000, 0x0000000087e80000, 0x00000000d5580000)
  object space 129536K, 44% used [0x0000000080000000,0x00000000838146b8,0x0000000087e80000)
 Metaspace       used 90910K, capacity 95346K, committed 95448K, reserved 1136640K
  class space    used 12058K, capacity 12997K, committed 13056K, reserved 1048576K
}
Event: 9407.687 GC heap before
{Heap before GC invocations=26 (full 5):
 PSYoungGen      total 271360K, used 10994K [0x00000000d5580000, 0x00000000e7880000, 0x0000000100000000)
  eden space 244736K, 0% used [0x00000000d5580000,0x00000000d5580000,0x00000000e4480000)
  from space 26624K, 41% used [0x00000000e4480000,0x00000000e4f3c880,0x00000000e5e80000)
  to   space 25600K, 0% used [0x00000000e5f80000,0x00000000e5f80000,0x00000000e7880000)
 ParOldGen       total 129536K, used 57425K [0x0000000080000000, 0x0000000087e80000, 0x00000000d5580000)
  object space 129536K, 44% used [0x0000000080000000,0x00000000838146b8,0x0000000087e80000)
 Metaspace       used 90910K, capacity 95346K, committed 95448K, reserved 1136640K
  class space    used 12058K, capacity 12997K, committed 13056K, reserved 1048576K
Event: 9409.802 GC heap after
Heap after GC invocations=26 (full 5):
 PSYoungGen      total 271360K, used 0K [0x00000000d5580000, 0x00000000e7880000, 0x0000000100000000)
  eden space 244736K, 0% used [0x00000000d5580000,0x00000000d5580000,0x00000000e4480000)
  from space 26624K, 0% used [0x00000000e4480000,0x00000000e4480000,0x00000000e5e80000)
  to   space 25600K, 0% used [0x00000000e5f80000,0x00000000e5f80000,0x00000000e7880000)
 ParOldGen       total 133120K, used 46611K [0x0000000080000000, 0x0000000088200000, 0x00000000d5580000)
  object space 133120K, 35% used [0x0000000080000000,0x0000000082d84ff0,0x0000000088200000)
 Metaspace       used 90059K, capacity 93896K, committed 95448K, reserved 1134592K
  class space    used 11901K, capacity 12709K, committed 13056K, reserved 1048576K
}

